<?xml version="1.0" encoding="UTF-8"?>
<testsuite name="integration.DiabetesReportControllerIntegrationTest" tests="3" skipped="0" failures="0" errors="0" timestamp="2021-08-14T15:14:37" hostname="PC-ANTOINE" time="1.044">
  <properties/>
  <testcase name="assessDiabetesByLastName()" classname="integration.DiabetesReportControllerIntegrationTest" time="0.821"/>
  <testcase name="assessDiabetesById()" classname="integration.DiabetesReportControllerIntegrationTest" time="0.025"/>
  <testcase name="assessDiabetes()" classname="integration.DiabetesReportControllerIntegrationTest" time="0.196"/>
  <system-out><![CDATA[17:14:30.627 [Test worker] DEBUG org.springframework.test.context.BootstrapUtils - Instantiating CacheAwareContextLoaderDelegate from class [org.springframework.test.context.cache.DefaultCacheAwareContextLoaderDelegate]
17:14:30.667 [Test worker] DEBUG org.springframework.test.context.BootstrapUtils - Instantiating BootstrapContext using constructor [public org.springframework.test.context.support.DefaultBootstrapContext(java.lang.Class,org.springframework.test.context.CacheAwareContextLoaderDelegate)]
17:14:30.747 [Test worker] DEBUG org.springframework.test.context.BootstrapUtils - Instantiating TestContextBootstrapper for test class [integration.DiabetesReportControllerIntegrationTest] from class [org.springframework.boot.test.context.SpringBootTestContextBootstrapper]
17:14:30.779 [Test worker] INFO org.springframework.boot.test.context.SpringBootTestContextBootstrapper - Neither @ContextConfiguration nor @ContextHierarchy found for test class [integration.DiabetesReportControllerIntegrationTest], using SpringBootContextLoader
17:14:30.785 [Test worker] DEBUG org.springframework.test.context.support.AbstractContextLoader - Did not detect default resource location for test class [integration.DiabetesReportControllerIntegrationTest]: class path resource [integration/DiabetesReportControllerIntegrationTest-context.xml] does not exist
17:14:30.786 [Test worker] DEBUG org.springframework.test.context.support.AbstractContextLoader - Did not detect default resource location for test class [integration.DiabetesReportControllerIntegrationTest]: class path resource [integration/DiabetesReportControllerIntegrationTestContext.groovy] does not exist
17:14:30.786 [Test worker] INFO org.springframework.test.context.support.AbstractContextLoader - Could not detect default resource locations for test class [integration.DiabetesReportControllerIntegrationTest]: no resource found for suffixes {-context.xml, Context.groovy}.
17:14:30.875 [Test worker] DEBUG org.springframework.test.context.support.ActiveProfilesUtils - Could not find an 'annotation declaring class' for annotation type [org.springframework.test.context.ActiveProfiles] and class [integration.DiabetesReportControllerIntegrationTest]
17:14:31.161 [Test worker] DEBUG org.springframework.boot.test.context.SpringBootTestContextBootstrapper - @TestExecutionListeners is not present for class [integration.DiabetesReportControllerIntegrationTest]: using defaults.
17:14:31.162 [Test worker] INFO org.springframework.boot.test.context.SpringBootTestContextBootstrapper - Loaded default TestExecutionListener class names from location [META-INF/spring.factories]: [org.springframework.boot.test.autoconfigure.restdocs.RestDocsTestExecutionListener, org.springframework.boot.test.autoconfigure.web.client.MockRestServiceServerResetTestExecutionListener, org.springframework.boot.test.autoconfigure.web.servlet.MockMvcPrintOnlyOnFailureTestExecutionListener, org.springframework.boot.test.autoconfigure.web.servlet.WebDriverTestExecutionListener, org.springframework.boot.test.autoconfigure.webservices.client.MockWebServiceServerTestExecutionListener, org.springframework.boot.test.mock.mockito.MockitoTestExecutionListener, org.springframework.boot.test.mock.mockito.ResetMocksTestExecutionListener, org.springframework.test.context.web.ServletTestExecutionListener, org.springframework.test.context.support.DirtiesContextBeforeModesTestExecutionListener, org.springframework.test.context.support.DependencyInjectionTestExecutionListener, org.springframework.test.context.support.DirtiesContextTestExecutionListener, org.springframework.test.context.transaction.TransactionalTestExecutionListener, org.springframework.test.context.jdbc.SqlScriptsTestExecutionListener, org.springframework.test.context.event.EventPublishingTestExecutionListener]
17:14:31.191 [Test worker] DEBUG org.springframework.boot.test.context.SpringBootTestContextBootstrapper - Skipping candidate TestExecutionListener [org.springframework.test.context.transaction.TransactionalTestExecutionListener] due to a missing dependency. Specify custom listener classes or make the default listener classes and their required dependencies available. Offending class: [org/springframework/transaction/interceptor/TransactionAttributeSource]
17:14:31.192 [Test worker] DEBUG org.springframework.boot.test.context.SpringBootTestContextBootstrapper - Skipping candidate TestExecutionListener [org.springframework.test.context.jdbc.SqlScriptsTestExecutionListener] due to a missing dependency. Specify custom listener classes or make the default listener classes and their required dependencies available. Offending class: [org/springframework/transaction/interceptor/TransactionAttribute]
17:14:31.192 [Test worker] INFO org.springframework.boot.test.context.SpringBootTestContextBootstrapper - Using TestExecutionListeners: [org.springframework.test.context.web.ServletTestExecutionListener@7e98a132, org.springframework.test.context.support.DirtiesContextBeforeModesTestExecutionListener@51ee3282, org.springframework.boot.test.mock.mockito.MockitoTestExecutionListener@79b400f6, org.springframework.boot.test.autoconfigure.SpringBootDependencyInjectionTestExecutionListener@460b4974, org.springframework.test.context.support.DirtiesContextTestExecutionListener@7d21e1b6, org.springframework.test.context.event.EventPublishingTestExecutionListener@5d7ba6b2, org.springframework.boot.test.autoconfigure.restdocs.RestDocsTestExecutionListener@491be5b, org.springframework.boot.test.autoconfigure.web.client.MockRestServiceServerResetTestExecutionListener@18cd0754, org.springframework.boot.test.autoconfigure.web.servlet.MockMvcPrintOnlyOnFailureTestExecutionListener@6a1369aa, org.springframework.boot.test.autoconfigure.web.servlet.WebDriverTestExecutionListener@6a5d1c6c, org.springframework.boot.test.autoconfigure.webservices.client.MockWebServiceServerTestExecutionListener@6337141a, org.springframework.boot.test.mock.mockito.ResetMocksTestExecutionListener@1330488f]
17:14:31.200 [Test worker] DEBUG org.springframework.test.context.support.AbstractDirtiesContextTestExecutionListener - Before test class: context [DefaultTestContext@58236328 testClass = DiabetesReportControllerIntegrationTest, testInstance = [null], testMethod = [null], testException = [null], mergedContextConfiguration = [WebMergedContextConfiguration@4a02a9e9 testClass = DiabetesReportControllerIntegrationTest, locations = '{}', classes = '{class patientReport.Application}', contextInitializerClasses = '[]', activeProfiles = '{}', propertySourceLocations = '{}', propertySourceProperties = '{org.springframework.boot.test.context.SpringBootTestContextBootstrapper=true}', contextCustomizers = set[org.springframework.boot.test.autoconfigure.properties.PropertyMappingContextCustomizer@0, org.springframework.boot.test.autoconfigure.web.servlet.WebDriverContextCustomizerFactory$Customizer@3c69fa8d, org.springframework.boot.test.context.filter.ExcludeFilterContextCustomizer@8327e46, org.springframework.boot.test.json.DuplicateJsonObjectContextCustomizerFactory$DuplicateJsonObjectContextCustomizer@5403c41e, org.springframework.boot.test.mock.mockito.MockitoContextCustomizer@0, org.springframework.boot.test.web.client.TestRestTemplateContextCustomizer@530a2487, org.springframework.boot.test.context.SpringBootTestArgs@1, org.springframework.boot.test.context.SpringBootTestWebEnvironment@4bd1ce21], resourceBasePath = 'src/main/webapp', contextLoader = 'org.springframework.boot.test.context.SpringBootContextLoader', parent = [null]], attributes = map['org.springframework.test.context.web.ServletTestExecutionListener.activateListener' -> true]], class annotated with @DirtiesContext [false] with mode [null].
17:14:31.678 [Test worker] DEBUG org.springframework.test.context.support.TestPropertySourceUtils - Adding inlined properties to environment: {spring.jmx.enabled=false, org.springframework.boot.test.context.SpringBootTestContextBootstrapper=true}

  .   ____          _            __ _ _
 /\\ / ___'_ __ _ _(_)_ __  __ _ \ \ \ \
( ( )\___ | '_ | '_| | '_ \/ _` | \ \ \ \
 \\/  ___)| |_)| | | | | || (_| |  ) ) ) )
  '  |____| .__|_| |_|_| |_\__, | / / / /
 =========|_|==============|___/=/_/_/_/
 :: Spring Boot ::        (v2.3.9.RELEASE)

2021-08-14 17:14:33.577  INFO 9372 --- [    Test worker] .DiabetesReportControllerIntegrationTest : No active profile set, falling back to default profiles: default
2021-08-14 17:14:35.029  INFO 9372 --- [    Test worker] o.s.cloud.context.scope.GenericScope     : BeanFactory id=27c92484-7247-3ae0-bf50-3b8b34f38917
2021-08-14 17:14:35.208  INFO 9372 --- [    Test worker] trationDelegate$BeanPostProcessorChecker : Bean 'patientReport.proxy.NoteProxy' of type [org.springframework.cloud.openfeign.FeignClientFactoryBean] is not eligible for getting processed by all BeanPostProcessors (for example: not eligible for auto-proxying)
2021-08-14 17:14:35.209  INFO 9372 --- [    Test worker] trationDelegate$BeanPostProcessorChecker : Bean 'patientReport.proxy.PatientProxy' of type [org.springframework.cloud.openfeign.FeignClientFactoryBean] is not eligible for getting processed by all BeanPostProcessors (for example: not eligible for auto-proxying)
2021-08-14 17:14:35.238  INFO 9372 --- [    Test worker] DiabetesReportController                 : DiabetesReportController()
2021-08-14 17:14:35.239  INFO 9372 --- [    Test worker] PatientService                           : PatientInformationService()
2021-08-14 17:14:35.240  INFO 9372 --- [    Test worker] NoteService                              : PatientNoteService()
2021-08-14 17:14:35.240  INFO 9372 --- [    Test worker] DiabetesReportService                    : DiabetesReportService()
2021-08-14 17:14:35.240  INFO 9372 --- [    Test worker] FileLineReader                           : FileLineReader()
2021-08-14 17:14:35.244  INFO 9372 --- [    Test worker] PatientService                           : PatientInformationService()
2021-08-14 17:14:35.901  INFO 9372 --- [    Test worker] NoteService                              : PatientNoteService()
2021-08-14 17:14:35.938  INFO 9372 --- [    Test worker] DiabetesReportService                    : DiabetesReportService()
2021-08-14 17:14:35.938  INFO 9372 --- [    Test worker] FileLineReader                           : FileLineReader()
2021-08-14 17:14:35.943  INFO 9372 --- [    Test worker] FileLineReader                           : FileLineReader()
2021-08-14 17:14:36.179  WARN 9372 --- [    Test worker] c.n.c.sources.URLConfigurationSource     : No URLs will be polled as dynamic configuration sources.
2021-08-14 17:14:36.179  INFO 9372 --- [    Test worker] c.n.c.sources.URLConfigurationSource     : To enable URLs as dynamic configuration sources, define System property archaius.configurationSource.additionalUrls or make config.properties available on classpath.
2021-08-14 17:14:36.196  WARN 9372 --- [    Test worker] c.n.c.sources.URLConfigurationSource     : No URLs will be polled as dynamic configuration sources.
2021-08-14 17:14:36.196  INFO 9372 --- [    Test worker] c.n.c.sources.URLConfigurationSource     : To enable URLs as dynamic configuration sources, define System property archaius.configurationSource.additionalUrls or make config.properties available on classpath.
2021-08-14 17:14:36.522  INFO 9372 --- [    Test worker] o.s.s.concurrent.ThreadPoolTaskExecutor  : Initializing ExecutorService 'applicationTaskExecutor'
2021-08-14 17:14:37.804  INFO 9372 --- [    Test worker] o.s.b.a.e.web.EndpointLinksResolver      : Exposing 2 endpoint(s) beneath base path '/actuator'
2021-08-14 17:14:37.895  INFO 9372 --- [    Test worker] .DiabetesReportControllerIntegrationTest : Started DiabetesReportControllerIntegrationTest in 6.193 seconds (JVM running for 9.131)
2021-08-14 17:14:38.603  INFO 9372 --- [    Test worker] o.s.b.t.m.w.SpringBootMockServletContext : Initializing Spring TestDispatcherServlet ''
2021-08-14 17:14:38.603  INFO 9372 --- [    Test worker] o.s.t.web.servlet.TestDispatcherServlet  : Initializing Servlet ''
2021-08-14 17:14:38.623  INFO 9372 --- [    Test worker] o.s.t.web.servlet.TestDispatcherServlet  : Completed initialization in 19 ms
2021-08-14 17:14:38.697  WARN 9372 --- [    Test worker] .w.s.m.s.DefaultHandlerExceptionResolver : Resolved [org.springframework.web.bind.MissingServletRequestParameterException: Required String parameter 'lastName' is not present]
2021-08-14 17:14:38.800  INFO 9372 --- [    Test worker] o.s.b.t.m.w.SpringBootMockServletContext : Initializing Spring TestDispatcherServlet ''
2021-08-14 17:14:38.801  INFO 9372 --- [    Test worker] o.s.t.web.servlet.TestDispatcherServlet  : Initializing Servlet ''
2021-08-14 17:14:38.803  INFO 9372 --- [    Test worker] o.s.t.web.servlet.TestDispatcherServlet  : Completed initialization in 2 ms
2021-08-14 17:14:38.820  WARN 9372 --- [    Test worker] .w.s.m.s.DefaultHandlerExceptionResolver : Resolved [org.springframework.web.bind.MissingServletRequestParameterException: Required int parameter 'patientId' is not present]
2021-08-14 17:14:38.826  INFO 9372 --- [    Test worker] o.s.b.t.m.w.SpringBootMockServletContext : Initializing Spring TestDispatcherServlet ''
2021-08-14 17:14:38.826  INFO 9372 --- [    Test worker] o.s.t.web.servlet.TestDispatcherServlet  : Initializing Servlet ''
2021-08-14 17:14:38.828  INFO 9372 --- [    Test worker] o.s.t.web.servlet.TestDispatcherServlet  : Completed initialization in 2 ms
2021-08-14 17:14:38.991  INFO 9372 --- [    Test worker] DiabetesReportController                 : assessDiabetes(patientReport.model.DiabetesReport@3eb20a40,org.springframework.mock.web.MockHttpServletResponse@75c75d5c)
2021-08-14 17:14:38.991  INFO 9372 --- [    Test worker] DiabetesReportService                    : assessDiabetes(patientReport.model.DiabetesReport@3eb20a40)
2021-08-14 17:14:38.992  INFO 9372 --- [    Test worker] DiabetesReportService                    : setGeneralTriggerTerm(patientReport.model.DiabetesReport@3eb20a40)
2021-08-14 17:14:38.998  INFO 9372 --- [    Test worker] DiabetesReportService                    : findMedicalTriggerTerm(patientReport.model.DiabetesReport@3eb20a40)
2021-08-14 17:14:38.999  INFO 9372 --- [    Test worker] FileLineReader                           : getTriggerTermList()
2021-08-14 17:14:39.003  INFO 9372 --- [    Test worker] DiabetesReportService                    : evaluateRiskLevel(patientReport.model.DiabetesReport@3eb20a40)
]]></system-out>
  <system-err><![CDATA[]]></system-err>
</testsuite>
